2017-07-03 18:12:36,316 DEBUG    root            Loaded Command Group: ['gcloud', 'projects']
2017-07-03 18:12:36,357 DEBUG    root            Loaded Command Group: ['gcloud', 'projects', 'describe']
2017-07-03 18:12:36,359 DEBUG    root            Running gcloud.projects.describe with Namespace(_deepest_parser=ArgumentParser(prog='gcloud.projects.describe', usage=None, description='Shows metadata for a project given a valid project ID.\n\nThis command can fail for the following reasons:\n* The project specified does not exist.\n* The active account does not have permission to access the given project.\n\n## EXAMPLES\n\nThe following command prints metadata for a project with the ID\n`example-foo-bar-1`:\n\n  $ {command} example-foo-bar-1', version=None, formatter_class=<class 'argparse.HelpFormatter'>, conflict_handler='error', add_help=False), _specified_args={'id': 'PROJECT_ID', 'format': '--format'}, account=None, authority_selector=None, authorization_token_file=None, calliope_command=<googlecloudsdk.calliope.backend.Command object at 0x7f5def2518d0>, command_path=['gcloud', 'projects', 'describe'], configuration=None, credential_file_override=None, document=None, flatten=None, format='value(projectNumber)', h=None, help=None, http_timeout=None, id='testing123', log_http=None, project=None, quiet=None, trace_email=None, trace_log=None, trace_token=None, user_output_enabled=None, verbosity='warning', version=None).
2017-07-03 18:12:36,369 DEBUG    root            (gcloud.projects.describe) You do not currently have an active account selected.
Please run:

  $ gcloud auth login

to obtain new credentials, or if you have already logged in with a
different account:

  $ gcloud config set account ACCOUNT

to select an already authenticated account to use.
Traceback (most recent call last):
  File "/tools/google-cloud-sdk/lib/googlecloudsdk/calliope/cli.py", line 712, in Execute
    resources = args.calliope_command.Run(cli=self, args=args)
  File "/tools/google-cloud-sdk/lib/googlecloudsdk/calliope/backend.py", line 758, in Run
    resources = command_instance.Run(args)
  File "/tools/google-cloud-sdk/lib/surface/projects/describe.py", line 46, in Run
    return projects_api.Get(project_ref)
  File "/tools/google-cloud-sdk/lib/googlecloudsdk/api_lib/cloudresourcemanager/projects_api.py", line 49, in Get
    client = projects_util.GetClient()
  File "/tools/google-cloud-sdk/lib/googlecloudsdk/api_lib/cloudresourcemanager/projects_util.py", line 42, in GetClient
    return apis.GetClientInstance('cloudresourcemanager', 'v1')
  File "/tools/google-cloud-sdk/lib/googlecloudsdk/api_lib/util/apis.py", line 166, in GetClientInstance
    return apis_internal._GetClientInstance(api_name, api_version, no_http)
  File "/tools/google-cloud-sdk/lib/googlecloudsdk/api_lib/util/apis_internal.py", line 145, in _GetClientInstance
    http_client = http.Http()
  File "/tools/google-cloud-sdk/lib/googlecloudsdk/core/credentials/http.py", line 55, in Http
    creds = store.Load()
  File "/tools/google-cloud-sdk/lib/googlecloudsdk/core/credentials/store.py", line 236, in Load
    raise NoActiveAccountException()
NoActiveAccountException: You do not currently have an active account selected.
Please run:

  $ gcloud auth login

to obtain new credentials, or if you have already logged in with a
different account:

  $ gcloud config set account ACCOUNT

to select an already authenticated account to use.
2017-07-03 18:12:36,374 ERROR    root            (gcloud.projects.describe) You do not currently have an active account selected.
Please run:

  $ gcloud auth login

to obtain new credentials, or if you have already logged in with a
different account:

  $ gcloud config set account ACCOUNT

to select an already authenticated account to use.
